[debug] [2022-05-19T02:27:37.202Z] ----------------------------------------------------------------------
[debug] [2022-05-19T02:27:37.204Z] Command:       C:\Program Files\nodejs\node.exe C:\Users\SHORAB\AppData\Roaming\npm\node_modules\firebase-tools\lib\bin\firebase.js init
[debug] [2022-05-19T02:27:37.205Z] CLI Version:   10.6.0
[debug] [2022-05-19T02:27:37.205Z] Platform:      win32
[debug] [2022-05-19T02:27:37.206Z] Node Version:  v16.14.0
[debug] [2022-05-19T02:27:37.206Z] Time:          Thu May 19 2022 08:27:37 GMT+0600 (Bangladesh Standard Time)
[debug] [2022-05-19T02:27:37.206Z] ----------------------------------------------------------------------
[debug] 
[debug] [2022-05-19T02:27:37.275Z] > command requires scopes: ["email","openid","https://www.googleapis.com/auth/cloudplatformprojects.readonly","https://www.googleapis.com/auth/firebase","https://www.googleapis.com/auth/cloud-platform"]
[debug] [2022-05-19T02:27:37.275Z] > authorizing via signed-in user (khansourav58@gmail.com)
[info] 
     ######## #### ########  ######## ########     ###     ######  ########
     ##        ##  ##     ## ##       ##     ##  ##   ##  ##       ##
     ######    ##  ########  ######   ########  #########  ######  ######
     ##        ##  ##    ##  ##       ##     ## ##     ##       ## ##
     ##       #### ##     ## ######## ########  ##     ##  ######  ########

You're about to initialize a Firebase project in this directory:

  E:\Programming Hero\Job-Task\todo-app-crud-operation

Before we get started, keep in mind:

  * You are initializing within an existing Firebase project directory

[info] 
=== Project Setup
[info] 
[info] First, let's associate this project directory with a Firebase project.
[info] You can create multiple project aliases by running firebase use --add, 
[info] but for now we'll just set up a default project.
[info] 
[debug] [2022-05-19T02:27:43.666Z] Using project from CLI flag: todo-app-199be
[debug] [2022-05-19T02:27:43.669Z] >>> [apiv2][query] GET https://firebase.googleapis.com/v1beta1/projects/todo-app-199be [none]
[debug] [2022-05-19T02:27:44.378Z] <<< [apiv2][status] GET https://firebase.googleapis.com/v1beta1/projects/todo-app-199be 200
[debug] [2022-05-19T02:27:44.378Z] <<< [apiv2][body] GET https://firebase.googleapis.com/v1beta1/projects/todo-app-199be {"projectId":"todo-app-199be","projectNumber":"337965775088","displayName":"Todo-App","name":"projects/todo-app-199be","resources":{"hostingSite":"todo-app-199be"},"state":"ACTIVE"}
[info] i  Using project todo-app-199be (Todo-App) 
[info] 
=== Hosting Setup
[info] 
[info] Your public directory is the folder (relative to your project directory) that
[info] will contain Hosting assets to be uploaded with firebase deploy. If you
[info] have a build process for your assets, use your build's output directory.
[info] 
